Remember that you can report errors and get help in https://github.com/NicoSantangelo/sublime-gulp

09-23-2015 17:31:
D:\opt\servers\apache2.4\htdocs\howard\web-angular\.sublime-gulp-tmp.js:22
    return var vendor = gulp.src(['bower_components/jquery/dist/jquery.js',
           ^^^
SyntaxError: Unexpected token var
    at exports.runInThisContext (vm.js:73:16)
    at Module._compile (module.js:443:25)
    at Object.Module._extensions..js (module.js:478:10)
    at Module.load (module.js:355:32)
    at Function.Module._load (module.js:310:12)
    at Module.require (module.js:365:17)
    at require (module.js:384:17)
    at requireGulp (D:\opt\tools\Sublime Text 3\Data\Packages\Gulp\write_tasks_to_cache.js:28:16)
    at Object.<anonymous> (D:\opt\tools\Sublime Text 3\Data\Packages\Gulp\write_tasks_to_cache.js:80:12)
    at Module._compile (module.js:460:26)


09-24-2015 10:31:
D:\opt\tools\Sublime Text 3\Data\Packages\Gulp\write_tasks_to_cache.js:31
        throw ex;
              ^
Error: Cannot find module '../aaa.js'
    at Function.Module._resolveFilename (module.js:336:15)
    at Function.Module._load (module.js:278:25)
    at Module.require (module.js:365:17)
    at require (module.js:384:17)
    at Object.<anonymous> (D:\opt\servers\apache2.4\htdocs\howard\web-angular\.sublime-gulp-tmp.js:6:13)
    at Module._compile (module.js:460:26)
    at Object.Module._extensions..js (module.js:478:10)
    at Module.load (module.js:355:32)
    at Function.Module._load (module.js:310:12)
    at Module.require (module.js:365:17)


09-24-2015 10:32:
D:\opt\tools\Sublime Text 3\Data\Packages\Gulp\write_tasks_to_cache.js:31
        throw ex;
              ^
Error: Cannot find module '../aaa.js'
    at Function.Module._resolveFilename (module.js:336:15)
    at Function.Module._load (module.js:278:25)
    at Module.require (module.js:365:17)
    at require (module.js:384:17)
    at Object.<anonymous> (D:\opt\servers\apache2.4\htdocs\howard\web-angular\.sublime-gulp-tmp.js:6:13)
    at Module._compile (module.js:460:26)
    at Object.Module._extensions..js (module.js:478:10)
    at Module.load (module.js:355:32)
    at Function.Module._load (module.js:310:12)
    at Module.require (module.js:365:17)


09-24-2015 10:33:
D:\opt\tools\Sublime Text 3\Data\Packages\Gulp\write_tasks_to_cache.js:31
        throw ex;
              ^
Error: Cannot find module 'aaa.js'
    at Function.Module._resolveFilename (module.js:336:15)
    at Function.Module._load (module.js:278:25)
    at Module.require (module.js:365:17)
    at require (module.js:384:17)
    at Object.<anonymous> (D:\opt\servers\apache2.4\htdocs\howard\web-angular\.sublime-gulp-tmp.js:6:13)
    at Module._compile (module.js:460:26)
    at Object.Module._extensions..js (module.js:478:10)
    at Module.load (module.js:355:32)
    at Function.Module._load (module.js:310:12)
    at Module.require (module.js:365:17)


09-24-2015 10:33:
D:\opt\tools\Sublime Text 3\Data\Packages\Gulp\write_tasks_to_cache.js:31
        throw ex;
              ^
Error: Cannot find module 'aaa.js'
    at Function.Module._resolveFilename (module.js:336:15)
    at Function.Module._load (module.js:278:25)
    at Module.require (module.js:365:17)
    at require (module.js:384:17)
    at Object.<anonymous> (D:\opt\servers\apache2.4\htdocs\howard\web-angular\.sublime-gulp-tmp.js:6:13)
    at Module._compile (module.js:460:26)
    at Object.Module._extensions..js (module.js:478:10)
    at Module.load (module.js:355:32)
    at Function.Module._load (module.js:310:12)
    at Module.require (module.js:365:17)


09-24-2015 10:36:
D:\opt\tools\Sublime Text 3\Data\Packages\Gulp\write_tasks_to_cache.js:31
        throw ex;
              ^
Error: Cannot find module 'aaa.js'
    at Function.Module._resolveFilename (module.js:336:15)
    at Function.Module._load (module.js:278:25)
    at Module.require (module.js:365:17)
    at require (module.js:384:17)
    at Object.<anonymous> (D:\opt\servers\apache2.4\htdocs\howard\web-angular\.sublime-gulp-tmp.js:6:14)
    at Module._compile (module.js:460:26)
    at Object.Module._extensions..js (module.js:478:10)
    at Module.load (module.js:355:32)
    at Function.Module._load (module.js:310:12)
    at Module.require (module.js:365:17)


09-24-2015 10:38:
D:\opt\tools\Sublime Text 3\Data\Packages\Gulp\write_tasks_to_cache.js:31
        throw ex;
              ^
Error: Cannot find module '..aaa.js'
    at Function.Module._resolveFilename (module.js:336:15)
    at Function.Module._load (module.js:278:25)
    at Module.require (module.js:365:17)
    at require (module.js:384:17)
    at Object.<anonymous> (D:\opt\servers\apache2.4\htdocs\howard\web-angular\.sublime-gulp-tmp.js:6:14)
    at Module._compile (module.js:460:26)
    at Object.Module._extensions..js (module.js:478:10)
    at Module.load (module.js:355:32)
    at Function.Module._load (module.js:310:12)
    at Module.require (module.js:365:17)


09-24-2015 10:38:
D:\opt\tools\Sublime Text 3\Data\Packages\Gulp\write_tasks_to_cache.js:31
        throw ex;
              ^
Error: Cannot find module '../aaa'
    at Function.Module._resolveFilename (module.js:336:15)
    at Function.Module._load (module.js:278:25)
    at Module.require (module.js:365:17)
    at require (module.js:384:17)
    at Object.<anonymous> (D:\opt\servers\apache2.4\htdocs\howard\web-angular\.sublime-gulp-tmp.js:6:14)
    at Module._compile (module.js:460:26)
    at Object.Module._extensions..js (module.js:478:10)
    at Module.load (module.js:355:32)
    at Function.Module._load (module.js:310:12)
    at Module.require (module.js:365:17)


09-24-2015 14:05:
D:\opt\tools\Sublime Text 3\Data\Packages\Gulp\write_tasks_to_cache.js:31
        throw ex;
              ^
Error: Cannot find module '../aaa'
    at Function.Module._resolveFilename (module.js:336:15)
    at Function.Module._load (module.js:278:25)
    at Module.require (module.js:365:17)
    at require (module.js:384:17)
    at Object.<anonymous> (D:\opt\servers\apache2.4\htdocs\howard\web-angular\.sublime-gulp-tmp.js:7:14)
    at Module._compile (module.js:460:26)
    at Object.Module._extensions..js (module.js:478:10)
    at Module.load (module.js:355:32)
    at Function.Module._load (module.js:310:12)
    at Module.require (module.js:365:17)


09-24-2015 14:39:
D:\opt\servers\apache2.4\htdocs\howard\web-angular\.sublime-gulp-tmp.js:59
        .pipe(concat('main.css'))
        ^
SyntaxError: Unexpected token .
    at exports.runInThisContext (vm.js:73:16)
    at Module._compile (module.js:443:25)
    at Object.Module._extensions..js (module.js:478:10)
    at Module.load (module.js:355:32)
    at Function.Module._load (module.js:310:12)
    at Module.require (module.js:365:17)
    at require (module.js:384:17)
    at requireGulp (D:\opt\tools\Sublime Text 3\Data\Packages\Gulp\write_tasks_to_cache.js:28:16)
    at Object.<anonymous> (D:\opt\tools\Sublime Text 3\Data\Packages\Gulp\write_tasks_to_cache.js:80:12)
    at Module._compile (module.js:460:26)


09-24-2015 14:40:
D:\opt\servers\apache2.4\htdocs\howard\web-angular\.sublime-gulp-tmp.js:59
        .pipe(concat('main.css'))
        ^
SyntaxError: Unexpected token .
    at exports.runInThisContext (vm.js:73:16)
    at Module._compile (module.js:443:25)
    at Object.Module._extensions..js (module.js:478:10)
    at Module.load (module.js:355:32)
    at Function.Module._load (module.js:310:12)
    at Module.require (module.js:365:17)
    at require (module.js:384:17)
    at requireGulp (D:\opt\tools\Sublime Text 3\Data\Packages\Gulp\write_tasks_to_cache.js:28:16)
    at Object.<anonymous> (D:\opt\tools\Sublime Text 3\Data\Packages\Gulp\write_tasks_to_cache.js:80:12)
    at Module._compile (module.js:460:26)


09-25-2015 09:58:
D:\opt\servers\apache2.4\htdocs\howard\web-angular\.sublime-gulp-tmp.js:73
        .pipe(gulp.dest('app/build/scripts/'));
                                              ^
SyntaxError: Unexpected token ;
    at exports.runInThisContext (vm.js:73:16)
    at Module._compile (module.js:443:25)
    at Object.Module._extensions..js (module.js:478:10)
    at Module.load (module.js:355:32)
    at Function.Module._load (module.js:310:12)
    at Module.require (module.js:365:17)
    at require (module.js:384:17)
    at requireGulp (D:\opt\tools\Sublime Text 3\Data\Packages\Gulp\write_tasks_to_cache.js:28:16)
    at Object.<anonymous> (D:\opt\tools\Sublime Text 3\Data\Packages\Gulp\write_tasks_to_cache.js:80:12)
    at Module._compile (module.js:460:26)


09-25-2015 09:58:
D:\opt\servers\apache2.4\htdocs\howard\web-angular\.sublime-gulp-tmp.js:73
        .pipe(gulp.dest('app/build/scripts/'));
                                              ^
SyntaxError: Unexpected token ;
    at exports.runInThisContext (vm.js:73:16)
    at Module._compile (module.js:443:25)
    at Object.Module._extensions..js (module.js:478:10)
    at Module.load (module.js:355:32)
    at Function.Module._load (module.js:310:12)
    at Module.require (module.js:365:17)
    at require (module.js:384:17)
    at requireGulp (D:\opt\tools\Sublime Text 3\Data\Packages\Gulp\write_tasks_to_cache.js:28:16)
    at Object.<anonymous> (D:\opt\tools\Sublime Text 3\Data\Packages\Gulp\write_tasks_to_cache.js:80:12)
    at Module._compile (module.js:460:26)


09-25-2015 09:59:
D:\opt\servers\apache2.4\htdocs\howard\web-angular\.sublime-gulp-tmp.js:73
        .pipe(gulp.dest('app/build/scripts/'));
                                              ^
SyntaxError: Unexpected token ;
    at exports.runInThisContext (vm.js:73:16)
    at Module._compile (module.js:443:25)
    at Object.Module._extensions..js (module.js:478:10)
    at Module.load (module.js:355:32)
    at Function.Module._load (module.js:310:12)
    at Module.require (module.js:365:17)
    at require (module.js:384:17)
    at requireGulp (D:\opt\tools\Sublime Text 3\Data\Packages\Gulp\write_tasks_to_cache.js:28:16)
    at Object.<anonymous> (D:\opt\tools\Sublime Text 3\Data\Packages\Gulp\write_tasks_to_cache.js:80:12)
    at Module._compile (module.js:460:26)


09-25-2015 10:00:
D:\opt\servers\apache2.4\htdocs\howard\web-angular\.sublime-gulp-tmp.js:51
        .pipe(gulp.dest('app/build/scripts/'));
                                              ^
SyntaxError: Unexpected token ;
    at exports.runInThisContext (vm.js:73:16)
    at Module._compile (module.js:443:25)
    at Object.Module._extensions..js (module.js:478:10)
    at Module.load (module.js:355:32)
    at Function.Module._load (module.js:310:12)
    at Module.require (module.js:365:17)
    at require (module.js:384:17)
    at requireGulp (D:\opt\tools\Sublime Text 3\Data\Packages\Gulp\write_tasks_to_cache.js:28:16)
    at Object.<anonymous> (D:\opt\tools\Sublime Text 3\Data\Packages\Gulp\write_tasks_to_cache.js:80:12)
    at Module._compile (module.js:460:26)


09-25-2015 10:01:
D:\opt\servers\apache2.4\htdocs\howard\web-angular\.sublime-gulp-tmp.js:51
        .pipe(gulp.dest('app/build/scripts/'));
                                              ^
SyntaxError: Unexpected token ;
    at exports.runInThisContext (vm.js:73:16)
    at Module._compile (module.js:443:25)
    at Object.Module._extensions..js (module.js:478:10)
    at Module.load (module.js:355:32)
    at Function.Module._load (module.js:310:12)
    at Module.require (module.js:365:17)
    at require (module.js:384:17)
    at requireGulp (D:\opt\tools\Sublime Text 3\Data\Packages\Gulp\write_tasks_to_cache.js:28:16)
    at Object.<anonymous> (D:\opt\tools\Sublime Text 3\Data\Packages\Gulp\write_tasks_to_cache.js:80:12)
    at Module._compile (module.js:460:26)


09-25-2015 10:02:
D:\opt\servers\apache2.4\htdocs\howard\web-angular\.sublime-gulp-tmp.js:51
        .pipe(gulp.dest('app/build/scripts/'));
                                              ^
SyntaxError: Unexpected token ;
    at exports.runInThisContext (vm.js:73:16)
    at Module._compile (module.js:443:25)
    at Object.Module._extensions..js (module.js:478:10)
    at Module.load (module.js:355:32)
    at Function.Module._load (module.js:310:12)
    at Module.require (module.js:365:17)
    at require (module.js:384:17)
    at requireGulp (D:\opt\tools\Sublime Text 3\Data\Packages\Gulp\write_tasks_to_cache.js:28:16)
    at Object.<anonymous> (D:\opt\tools\Sublime Text 3\Data\Packages\Gulp\write_tasks_to_cache.js:80:12)
    at Module._compile (module.js:460:26)


09-25-2015 10:02:
D:\opt\servers\apache2.4\htdocs\howard\web-angular\.sublime-gulp-tmp.js:51
        .pipe(gulp.dest('app/build/scripts/'));
                                              ^
SyntaxError: Unexpected token ;
    at exports.runInThisContext (vm.js:73:16)
    at Module._compile (module.js:443:25)
    at Object.Module._extensions..js (module.js:478:10)
    at Module.load (module.js:355:32)
    at Function.Module._load (module.js:310:12)
    at Module.require (module.js:365:17)
    at require (module.js:384:17)
    at requireGulp (D:\opt\tools\Sublime Text 3\Data\Packages\Gulp\write_tasks_to_cache.js:28:16)
    at Object.<anonymous> (D:\opt\tools\Sublime Text 3\Data\Packages\Gulp\write_tasks_to_cache.js:80:12)
    at Module._compile (module.js:460:26)


09-25-2015 10:03:
D:\opt\servers\apache2.4\htdocs\howard\web-angular\.sublime-gulp-tmp.js:51
        .pipe(gulp.dest('app/build/scripts/'));
                                              ^
SyntaxError: Unexpected token ;
    at exports.runInThisContext (vm.js:73:16)
    at Module._compile (module.js:443:25)
    at Object.Module._extensions..js (module.js:478:10)
    at Module.load (module.js:355:32)
    at Function.Module._load (module.js:310:12)
    at Module.require (module.js:365:17)
    at require (module.js:384:17)
    at requireGulp (D:\opt\tools\Sublime Text 3\Data\Packages\Gulp\write_tasks_to_cache.js:28:16)
    at Object.<anonymous> (D:\opt\tools\Sublime Text 3\Data\Packages\Gulp\write_tasks_to_cache.js:80:12)
    at Module._compile (module.js:460:26)


09-25-2015 10:03:
D:\opt\servers\apache2.4\htdocs\howard\web-angular\.sublime-gulp-tmp.js:51
        .pipe(gulp.dest('app/build/scripts/'));
                                              ^
SyntaxError: Unexpected token ;
    at exports.runInThisContext (vm.js:73:16)
    at Module._compile (module.js:443:25)
    at Object.Module._extensions..js (module.js:478:10)
    at Module.load (module.js:355:32)
    at Function.Module._load (module.js:310:12)
    at Module.require (module.js:365:17)
    at require (module.js:384:17)
    at requireGulp (D:\opt\tools\Sublime Text 3\Data\Packages\Gulp\write_tasks_to_cache.js:28:16)
    at Object.<anonymous> (D:\opt\tools\Sublime Text 3\Data\Packages\Gulp\write_tasks_to_cache.js:80:12)
    at Module._compile (module.js:460:26)
